<?xml version="1.0" encoding="UTF-8"?>
<!-- Generated by org.testng.reporters.JUnitReportReporter -->
<testsuite hostname="LAPTOP-V6V2GCN1" failures="0" tests="2" name="test_cases.Players" time="5.004" errors="0" timestamp="2022-07-05T18:59:02 IST" skipped="0">
  <testcase classname="test_cases.Players" name="foreignPlayerTest" time="4.076"/>
  <system-out/>
  <testcase classname="test_cases.Players" name="wicketKeeperTest" time="0.928"/>
  <system-out/>
</testsuite> <!-- test_cases.Players -->
